<?xml version="1.0" encoding="UTF-8"?>
<!-- Generated by org.testng.reporters.JUnitReportReporter -->
<testsuite skipped="0" hostname="DESKTOP-LV0877J" name="com.qa.testCases.ChineasePageTest" tests="2" failures="0" timestamp="18 May 2020 15:42:01 GMT" time="41.414" errors="0">
  <testcase name="chineaseLoginTest" time="20.337" classname="com.qa.testCases.ChineasePageTest"/>
  <testcase name="chineaseRegistrationTest" time="21.077" classname="com.qa.testCases.ChineasePageTest"/>
</testsuite> <!-- com.qa.testCases.ChineasePageTest -->
