<?xml version="1.0" encoding="UTF-8"?>
<!-- Generated by org.testng.reporters.JUnitReportReporter -->
<testsuite skipped="0" hostname="DESKTOP-LV0877J" name="com.qa.testCases.SpainishPageTest" tests="2" failures="0" timestamp="18 May 2020 15:42:01 GMT" time="39.548" errors="0">
  <testcase name="registerationInSpenish" time="25.235" classname="com.qa.testCases.SpainishPageTest"/>
  <testcase name="spenishSignInTest" time="14.313" classname="com.qa.testCases.SpainishPageTest"/>
</testsuite> <!-- com.qa.testCases.SpainishPageTest -->
