<?xml version="1.0" encoding="UTF-8"?>
<!-- Generated by org.testng.reporters.JUnitReportReporter -->
<testsuite skipped="0" hostname="DESKTOP-LV0877J" name="com.qa.testCases.EnglistPageTest" tests="4" failures="0" timestamp="18 May 2020 15:42:01 GMT" time="75.421" errors="0">
  <testcase name="forgotPasswordTest" time="17.870" classname="com.qa.testCases.EnglistPageTest"/>
  <testcase name="inValidEnglishUkSignInTest" time="15.364" classname="com.qa.testCases.EnglistPageTest"/>
  <testcase name="registrationTest" time="22.889" classname="com.qa.testCases.EnglistPageTest"/>
  <testcase name="validEnglishUkSignInTest" time="19.298" classname="com.qa.testCases.EnglistPageTest"/>
</testsuite> <!-- com.qa.testCases.EnglistPageTest -->
