<?xml version="1.0" encoding="UTF-8"?>
<!-- Generated by org.testng.reporters.JUnitReportReporter -->
<testsuite skipped="0" hostname="DESKTOP-LV0877J" name="com.qa.testCases.GermanPageTest" tests="2" failures="0" timestamp="18 May 2020 15:42:01 GMT" time="37.678" errors="0">
  <testcase name="registerationInGerman" time="23.192" classname="com.qa.testCases.GermanPageTest"/>
  <testcase name="germanSignInTest" time="14.486" classname="com.qa.testCases.GermanPageTest"/>
</testsuite> <!-- com.qa.testCases.GermanPageTest -->
